<?xml version="1.0" encoding="UTF-8"?>
<testng-results ignored="0" total="1" passed="1" failed="0" skipped="0">
  <reporter-output>
  </reporter-output>
  <suite started-at="2022-01-12T23:42:28 IST" name="Suite" finished-at="2022-01-12T23:42:28 IST" duration-ms="32">
    <groups>
    </groups>
    <test started-at="2022-01-12T23:42:28 IST" name="Test" finished-at="2022-01-12T23:42:28 IST" duration-ms="32">
      <class name="jenkins_task.Jenkinstest">
        <test-method signature="testjenkins()[pri:0, instance:jenkins_task.Jenkinstest@5906ebcb]" started-at="2022-01-12T23:42:28 IST" name="testjenkins" finished-at="2022-01-12T23:42:28 IST" duration-ms="4" status="PASS">
          <reporter-output>
          </reporter-output>
        </test-method> <!-- testjenkins -->
      </class> <!-- jenkins_task.Jenkinstest -->
    </test> <!-- Test -->
  </suite> <!-- Suite -->
</testng-results>
