<?xml version="1.0" encoding="UTF-8"?>
<testng-results ignored="0" total="1" passed="1" failed="0" skipped="0">
  <reporter-output>
  </reporter-output>
  <suite started-at="2022-01-12T21:56:56 IST" name="Default suite" finished-at="2022-01-12T21:56:56 IST" duration-ms="44">
    <groups>
    </groups>
    <test started-at="2022-01-12T21:56:56 IST" name="Default test" finished-at="2022-01-12T21:56:56 IST" duration-ms="44">
      <class name="jenkins_task.Jenkinstest">
        <test-method signature="testjenkins()[pri:0, instance:jenkins_task.Jenkinstest@7fa98a66]" started-at="2022-01-12T21:56:56 IST" name="testjenkins" finished-at="2022-01-12T21:56:56 IST" duration-ms="7" status="PASS">
          <reporter-output>
          </reporter-output>
        </test-method> <!-- testjenkins -->
      </class> <!-- jenkins_task.Jenkinstest -->
    </test> <!-- Default test -->
  </suite> <!-- Default suite -->
</testng-results>
